2017/11/15 00:00:58 INFO  - jmeter.util.JMeterUtils: Setting Locale to en_US 
2017/11/15 00:00:59 INFO  - jmeter.JMeter: Loading user properties from: /usr/share/jmeter/bin/user.properties 
2017/11/15 00:00:59 INFO  - jmeter.JMeter: Loading system properties from: /usr/share/jmeter/bin/system.properties 
2017/11/15 00:00:59 INFO  - jmeter.JMeter: Copyright (c) 1998-2012 The Apache Software Foundation 
2017/11/15 00:00:59 INFO  - jmeter.JMeter: Version 2.8.20130705 
2017/11/15 00:00:59 INFO  - jmeter.JMeter: java.version=1.8.0_45 
2017/11/15 00:00:59 INFO  - jmeter.JMeter: java.vm.name=Java HotSpot(TM) 64-Bit Server VM 
2017/11/15 00:00:59 INFO  - jmeter.JMeter: os.name=Linux 
2017/11/15 00:00:59 INFO  - jmeter.JMeter: os.arch=amd64 
2017/11/15 00:00:59 INFO  - jmeter.JMeter: os.version=3.16.0-41-generic 
2017/11/15 00:00:59 INFO  - jmeter.JMeter: file.encoding=UTF-8 
2017/11/15 00:00:59 INFO  - jmeter.JMeter: Default Locale=English (United States) 
2017/11/15 00:00:59 INFO  - jmeter.JMeter: JMeter  Locale=English (United States) 
2017/11/15 00:00:59 INFO  - jmeter.JMeter: JMeterHome=/usr/share/jmeter 
2017/11/15 00:00:59 INFO  - jmeter.JMeter: user.dir  =/home/guhu/smartgit/DEVELOP_causalera/datacen/src/github.com/guherbozdogan/causalera-api-search 
2017/11/15 00:00:59 INFO  - jmeter.JMeter: PWD       =/home/guhu/smartgit/DEVELOP_causalera/datacen/src/github.com/guherbozdogan/causalera-api-search 
2017/11/15 00:00:59 INFO  - jmeter.JMeter: IP: 127.0.1.1 Name: guhu-Lenovo-G50-70 FullName: guhu-Lenovo-G50-70 
2017/11/15 00:00:59 INFO  - jmeter.JMeter: Loaded icon properties from org/apache/jmeter/images/icon.properties 
2017/11/15 00:01:00 INFO  - jmeter.engine.util.CompoundVariable: Note: Function class names must contain the string: '.functions.' 
2017/11/15 00:01:00 INFO  - jmeter.engine.util.CompoundVariable: Note: Function class names must not contain the string: '.gui.' 
2017/11/15 00:01:00 INFO  - jmeter.gui.action.LookAndFeelCommand: Using look and feel: javax.swing.plaf.metal.MetalLookAndFeel [Metal, CrossPlatform] 
2017/11/15 00:01:01 INFO  - jmeter.util.BSFTestElement: Registering JMeter version of JavaScript engine as work-round for BSF-22 
2017/11/15 00:01:01 INFO  - jmeter.protocol.http.sampler.HTTPSamplerBase: Cannot find .className property for htmlParser, using default 
2017/11/15 00:01:01 INFO  - jmeter.protocol.http.sampler.HTTPSamplerBase: Parser for text/html is  
2017/11/15 00:01:01 INFO  - jmeter.protocol.http.sampler.HTTPSamplerBase: Parser for application/xhtml+xml is  
2017/11/15 00:01:01 INFO  - jmeter.protocol.http.sampler.HTTPSamplerBase: Parser for application/xml is  
2017/11/15 00:01:01 INFO  - jmeter.protocol.http.sampler.HTTPSamplerBase: Parser for text/xml is  
2017/11/15 00:01:01 INFO  - jmeter.protocol.http.sampler.HTTPSamplerBase: Parser for text/vnd.wap.wml is org.apache.jmeter.protocol.http.parser.RegexpHTMLParser 
2017/11/15 00:01:01 INFO  - jmeter.protocol.http.sampler.HTTPSamplerBase: Reuse SSL session context on subsequent iterations: true 
2017/11/15 00:01:01 INFO  - jmeter.gui.util.MenuFactory: Skipping org.apache.jmeter.protocol.http.modifier.gui.ParamModifierGui 
2017/11/15 00:01:01 INFO  - jmeter.samplers.SampleResult: Note: Sample TimeStamps are START times 
2017/11/15 00:01:01 INFO  - jmeter.samplers.SampleResult: sampleresult.default.encoding is set to ISO-8859-1 
2017/11/15 00:01:01 INFO  - jmeter.samplers.SampleResult: sampleresult.useNanoTime=true 
2017/11/15 00:01:01 INFO  - jmeter.samplers.SampleResult: sampleresult.nanoThreadSleep=5000 
2017/11/15 00:06:53 INFO  - jmeter.services.FileServer: Default base='/home/guhu/smartgit/DEVELOP_causalera/datacen/src/github.com/guherbozdogan/causalera-api-search' 
2017/11/15 00:06:53 INFO  - jmeter.services.FileServer: Set new base='/home/guhu/smartgit/DEVELOP_causalera/datacen/src/github.com/guherbozdogan/causalera-api-search' 
2017/11/15 00:06:53 INFO  - jmeter.save.SaveService: Testplan (JMX) version: 2.2. Testlog (JTL) version: 2.2 
2017/11/15 00:06:53 INFO  - jmeter.save.SaveService: Using SaveService properties file encoding UTF-8 
2017/11/15 00:06:53 INFO  - jmeter.save.SaveService: Using SaveService properties file version 1382180 
2017/11/15 00:06:53 INFO  - jmeter.save.SaveService: Using SaveService properties version 2.3 
2017/11/15 00:06:53 INFO  - jmeter.save.SaveService: All converter versions present and correct 
2017/11/15 00:08:25 INFO  - jmeter.engine.StandardJMeterEngine: Listeners will be started after enabling running version 
2017/11/15 00:08:25 INFO  - jmeter.engine.StandardJMeterEngine: To revert to the earlier behaviour, define jmeterengine.startlistenerslater=false 
2017/11/15 00:08:25 INFO  - jmeter.engine.StandardJMeterEngine: Running the test! 
2017/11/15 00:08:25 INFO  - jmeter.gui.util.JMeterMenuBar: setRunning(true,*local*) 
2017/11/15 00:08:25 INFO  - jmeter.engine.StandardJMeterEngine: Starting ThreadGroup: 1 : Thread Group 
2017/11/15 00:08:25 INFO  - jmeter.engine.StandardJMeterEngine: Starting 1 threads for group Thread Group. 
2017/11/15 00:08:25 INFO  - jmeter.engine.StandardJMeterEngine: Thread will continue on error 
2017/11/15 00:08:25 INFO  - jmeter.threads.ThreadGroup: Starting thread group number 1 threads 1 ramp-up 1 perThread 1000.0 delayedStart=false 
2017/11/15 00:08:25 INFO  - jmeter.threads.JMeterThread: jmeterthread.startearlier=true (see jmeter.properties) 
2017/11/15 00:08:25 INFO  - jmeter.threads.JMeterThread: Running PostProcessors in forward order 
2017/11/15 00:08:25 INFO  - jmeter.threads.ThreadGroup: Started thread group number 1 
2017/11/15 00:08:25 INFO  - jmeter.engine.StandardJMeterEngine: All thread groups have been started 
2017/11/15 00:08:25 INFO  - jmeter.threads.JMeterThread: Thread started: Thread Group 1-1 
2017/11/15 00:08:25 INFO  - jmeter.protocol.http.sampler.HTTPHCAbstractImpl: Local host = guhu-Lenovo-G50-70 
2017/11/15 00:08:25 INFO  - jmeter.protocol.http.sampler.HTTPHC4Impl: HTTP request retry count = 1 
2017/11/15 00:08:26 INFO  - jmeter.protocol.http.sampler.HTTPHC4Impl: Setting up HTTPS TrustAll scheme 
2017/11/15 00:08:26 INFO  - jmeter.util.JsseSSLManager: Using default SSL protocol: TLS 
2017/11/15 00:08:26 INFO  - jmeter.util.JsseSSLManager: SSL session context: per-thread 
2017/11/15 00:08:26 INFO  - jmeter.threads.JMeterThread: Thread finished: Thread Group 1-1 
2017/11/15 00:08:26 INFO  - jmeter.engine.StandardJMeterEngine: Notifying test listeners of end of test 
2017/11/15 00:08:26 INFO  - jmeter.gui.util.JMeterMenuBar: setRunning(false,*local*) 
2017/11/15 00:08:57 INFO  - jmeter.engine.StandardJMeterEngine: Running the test! 
2017/11/15 00:08:57 INFO  - jmeter.gui.util.JMeterMenuBar: setRunning(true,*local*) 
2017/11/15 00:08:57 INFO  - jmeter.engine.StandardJMeterEngine: Starting ThreadGroup: 1 : Thread Group 
2017/11/15 00:08:57 INFO  - jmeter.engine.StandardJMeterEngine: Starting 1 threads for group Thread Group. 
2017/11/15 00:08:57 INFO  - jmeter.engine.StandardJMeterEngine: Thread will continue on error 
2017/11/15 00:08:57 INFO  - jmeter.threads.ThreadGroup: Starting thread group number 1 threads 1 ramp-up 1 perThread 1000.0 delayedStart=false 
2017/11/15 00:08:57 INFO  - jmeter.threads.ThreadGroup: Started thread group number 1 
2017/11/15 00:08:57 INFO  - jmeter.engine.StandardJMeterEngine: All thread groups have been started 
2017/11/15 00:08:57 INFO  - jmeter.threads.JMeterThread: Thread started: Thread Group 1-1 
2017/11/15 00:08:57 INFO  - jmeter.threads.JMeterThread: Thread finished: Thread Group 1-1 
2017/11/15 00:08:57 INFO  - jmeter.engine.StandardJMeterEngine: Notifying test listeners of end of test 
2017/11/15 00:08:57 INFO  - jmeter.gui.util.JMeterMenuBar: setRunning(false,*local*) 
2017/11/15 00:09:01 INFO  - jmeter.engine.StandardJMeterEngine: Running the test! 
2017/11/15 00:09:01 INFO  - jmeter.gui.util.JMeterMenuBar: setRunning(true,*local*) 
2017/11/15 00:09:01 INFO  - jmeter.engine.StandardJMeterEngine: Starting ThreadGroup: 1 : Thread Group 
2017/11/15 00:09:01 INFO  - jmeter.engine.StandardJMeterEngine: Starting 1 threads for group Thread Group. 
2017/11/15 00:09:01 INFO  - jmeter.engine.StandardJMeterEngine: Thread will continue on error 
2017/11/15 00:09:01 INFO  - jmeter.threads.ThreadGroup: Starting thread group number 1 threads 1 ramp-up 1 perThread 1000.0 delayedStart=false 
2017/11/15 00:09:01 INFO  - jmeter.threads.ThreadGroup: Started thread group number 1 
2017/11/15 00:09:01 INFO  - jmeter.engine.StandardJMeterEngine: All thread groups have been started 
2017/11/15 00:09:01 INFO  - jmeter.threads.JMeterThread: Thread started: Thread Group 1-1 
2017/11/15 00:09:01 INFO  - jmeter.threads.JMeterThread: Thread finished: Thread Group 1-1 
2017/11/15 00:09:01 INFO  - jmeter.engine.StandardJMeterEngine: Notifying test listeners of end of test 
2017/11/15 00:09:01 INFO  - jmeter.gui.util.JMeterMenuBar: setRunning(false,*local*) 
2017/11/15 00:09:53 INFO  - jmeter.engine.StandardJMeterEngine: Running the test! 
2017/11/15 00:09:53 INFO  - jmeter.gui.util.JMeterMenuBar: setRunning(true,*local*) 
2017/11/15 00:09:53 INFO  - jmeter.engine.StandardJMeterEngine: Starting ThreadGroup: 1 : Thread Group 
2017/11/15 00:09:53 INFO  - jmeter.engine.StandardJMeterEngine: Starting 1 threads for group Thread Group. 
2017/11/15 00:09:53 INFO  - jmeter.engine.StandardJMeterEngine: Thread will continue on error 
2017/11/15 00:09:53 INFO  - jmeter.threads.ThreadGroup: Starting thread group number 1 threads 1 ramp-up 1 perThread 1000.0 delayedStart=false 
2017/11/15 00:09:53 INFO  - jmeter.threads.ThreadGroup: Started thread group number 1 
2017/11/15 00:09:53 INFO  - jmeter.engine.StandardJMeterEngine: All thread groups have been started 
2017/11/15 00:09:53 INFO  - jmeter.threads.JMeterThread: Thread started: Thread Group 1-1 
2017/11/15 00:09:53 INFO  - jmeter.threads.JMeterThread: Thread finished: Thread Group 1-1 
2017/11/15 00:09:53 INFO  - jmeter.engine.StandardJMeterEngine: Notifying test listeners of end of test 
2017/11/15 00:09:53 INFO  - jmeter.reporters.Summariser: Generate Summary Results =      1 in     0s =  500.0/s Avg:     2 Min:     2 Max:     2 Err:     1 (100.00%) 
2017/11/15 00:09:53 INFO  - jmeter.gui.util.JMeterMenuBar: setRunning(false,*local*) 
2017/11/15 00:10:34 INFO  - jmeter.engine.StandardJMeterEngine: Running the test! 
2017/11/15 00:10:34 INFO  - jmeter.gui.util.JMeterMenuBar: setRunning(true,*local*) 
2017/11/15 00:10:34 INFO  - jmeter.engine.StandardJMeterEngine: Starting ThreadGroup: 1 : Thread Group 
2017/11/15 00:10:34 INFO  - jmeter.engine.StandardJMeterEngine: Starting 1 threads for group Thread Group. 
2017/11/15 00:10:34 INFO  - jmeter.engine.StandardJMeterEngine: Thread will continue on error 
2017/11/15 00:10:34 INFO  - jmeter.threads.ThreadGroup: Starting thread group number 1 threads 1 ramp-up 1 perThread 1000.0 delayedStart=false 
2017/11/15 00:10:34 INFO  - jmeter.threads.ThreadGroup: Started thread group number 1 
2017/11/15 00:10:34 INFO  - jmeter.engine.StandardJMeterEngine: All thread groups have been started 
2017/11/15 00:10:34 INFO  - jmeter.threads.JMeterThread: Thread started: Thread Group 1-1 
2017/11/15 00:10:50 INFO  - jmeter.gui.action.Start: Stopping test 
2017/11/15 00:10:50 INFO  - jmeter.threads.JMeterThread: Stopping: Thread Group 1-1 
2017/11/15 00:10:50 WARN  - jmeter.util.JMeterUtils: Interrupted in thread Thread Group 1-1 java.lang.InterruptedException
	at java.lang.Object.wait(Native Method)
	at java.lang.Object.wait(Object.java:502)
	at java.awt.EventQueue.invokeAndWait(EventQueue.java:1313)
	at java.awt.EventQueue.invokeAndWait(EventQueue.java:1294)
	at javax.swing.SwingUtilities.invokeAndWait(SwingUtilities.java:1348)
	at org.apache.jmeter.util.JMeterUtils.runSafe(JMeterUtils.java:1292)
	at org.apache.jmeter.visualizers.TableVisualizer.add(TableVisualizer.java:161)
	at org.apache.jmeter.reporters.ResultCollector.sendToVisualizer(ResultCollector.java:518)
	at org.apache.jmeter.reporters.ResultCollector.sampleOccurred(ResultCollector.java:494)
	at org.apache.jmeter.threads.ListenerNotifier.notifyListeners(ListenerNotifier.java:84)
	at org.apache.jmeter.threads.JMeterThread.notifyListeners(JMeterThread.java:774)
	at org.apache.jmeter.threads.JMeterThread.process_sampler(JMeterThread.java:440)
	at org.apache.jmeter.threads.JMeterThread.run(JMeterThread.java:255)
	at java.lang.Thread.run(Thread.java:745)

2017/11/15 00:10:50 INFO  - jmeter.threads.JMeterThread: Thread finished: Thread Group 1-1 
2017/11/15 00:10:50 INFO  - jmeter.engine.StandardJMeterEngine: Notifying test listeners of end of test 
2017/11/15 00:10:50 INFO  - jmeter.reporters.Summariser: Generate Summary Results =   6716 in    16s =  429.1/s Avg:     1 Min:     1 Max:    28 Err:  6716 (100.00%) 
2017/11/15 00:10:50 INFO  - jmeter.gui.util.JMeterMenuBar: setRunning(false,*local*) 
2017/11/15 00:11:04 INFO  - jmeter.gui.action.Load: Loading file: /home/guhu/smartgit/DEVELOP_causalera/datacen/src/github.com/guherbozdogan/causalera-api-search/HTTP Request.jmx 
2017/11/15 00:11:04 INFO  - jmeter.services.FileServer: Set new base='/home/guhu/smartgit/DEVELOP_causalera/datacen/src/github.com/guherbozdogan/causalera-api-search' 
2017/11/15 00:11:04 INFO  - jmeter.services.FileServer: Set new base='/home/guhu/smartgit/DEVELOP_causalera/datacen/src/github.com/guherbozdogan/causalera-api-search' 
2017/11/15 00:11:08 INFO  - jmeter.engine.StandardJMeterEngine: Running the test! 
2017/11/15 00:11:08 INFO  - jmeter.gui.util.JMeterMenuBar: setRunning(true,*local*) 
2017/11/15 00:11:08 INFO  - jmeter.engine.StandardJMeterEngine: Starting ThreadGroup: 1 : Thread Group 
2017/11/15 00:11:08 INFO  - jmeter.engine.StandardJMeterEngine: Starting 1 threads for group Thread Group. 
2017/11/15 00:11:08 INFO  - jmeter.engine.StandardJMeterEngine: Thread will continue on error 
2017/11/15 00:11:08 INFO  - jmeter.threads.ThreadGroup: Starting thread group number 1 threads 1 ramp-up 1 perThread 1000.0 delayedStart=false 
2017/11/15 00:11:08 INFO  - jmeter.threads.ThreadGroup: Started thread group number 1 
2017/11/15 00:11:08 INFO  - jmeter.engine.StandardJMeterEngine: All thread groups have been started 
2017/11/15 00:11:08 INFO  - jmeter.threads.JMeterThread: Thread started: Thread Group 1-1 
2017/11/15 00:11:08 INFO  - jmeter.threads.JMeterThread: Thread finished: Thread Group 1-1 
2017/11/15 00:11:08 INFO  - jmeter.engine.StandardJMeterEngine: Notifying test listeners of end of test 
2017/11/15 00:11:08 INFO  - jmeter.reporters.Summariser: Generate Summary Results =      1 in     0s = 1000.0/s Avg:     1 Min:     1 Max:     1 Err:     1 (100.00%) 
2017/11/15 00:11:08 INFO  - jmeter.gui.util.JMeterMenuBar: setRunning(false,*local*) 
2017/11/15 00:11:20 INFO  - jmeter.engine.StandardJMeterEngine: Running the test! 
2017/11/15 00:11:20 INFO  - jmeter.gui.util.JMeterMenuBar: setRunning(true,*local*) 
2017/11/15 00:11:20 INFO  - jmeter.engine.StandardJMeterEngine: Starting ThreadGroup: 1 : Thread Group 
2017/11/15 00:11:20 INFO  - jmeter.engine.StandardJMeterEngine: Starting 1 threads for group Thread Group. 
2017/11/15 00:11:20 INFO  - jmeter.engine.StandardJMeterEngine: Thread will continue on error 
2017/11/15 00:11:20 INFO  - jmeter.threads.ThreadGroup: Starting thread group number 1 threads 1 ramp-up 1 perThread 1000.0 delayedStart=false 
2017/11/15 00:11:20 INFO  - jmeter.threads.ThreadGroup: Started thread group number 1 
2017/11/15 00:11:20 INFO  - jmeter.engine.StandardJMeterEngine: All thread groups have been started 
2017/11/15 00:11:20 INFO  - jmeter.threads.JMeterThread: Thread started: Thread Group 1-1 
2017/11/15 00:11:27 INFO  - jmeter.gui.action.Start: Stopping test 
2017/11/15 00:11:27 INFO  - jmeter.threads.JMeterThread: Stopping: Thread Group 1-1 
2017/11/15 00:11:27 WARN  - jmeter.util.JMeterUtils: Interrupted in thread Thread Group 1-1 java.lang.InterruptedException
	at java.lang.Object.wait(Native Method)
	at java.lang.Object.wait(Object.java:502)
	at java.awt.EventQueue.invokeAndWait(EventQueue.java:1313)
	at java.awt.EventQueue.invokeAndWait(EventQueue.java:1294)
	at javax.swing.SwingUtilities.invokeAndWait(SwingUtilities.java:1348)
	at org.apache.jmeter.util.JMeterUtils.runSafe(JMeterUtils.java:1292)
	at org.apache.jmeter.visualizers.TableVisualizer.add(TableVisualizer.java:161)
	at org.apache.jmeter.reporters.ResultCollector.sendToVisualizer(ResultCollector.java:518)
	at org.apache.jmeter.reporters.ResultCollector.sampleOccurred(ResultCollector.java:494)
	at org.apache.jmeter.threads.ListenerNotifier.notifyListeners(ListenerNotifier.java:84)
	at org.apache.jmeter.threads.JMeterThread.notifyListeners(JMeterThread.java:774)
	at org.apache.jmeter.threads.JMeterThread.process_sampler(JMeterThread.java:440)
	at org.apache.jmeter.threads.JMeterThread.run(JMeterThread.java:255)
	at java.lang.Thread.run(Thread.java:745)

2017/11/15 00:11:27 INFO  - jmeter.threads.JMeterThread: Thread finished: Thread Group 1-1 
2017/11/15 00:11:27 INFO  - jmeter.engine.StandardJMeterEngine: Notifying test listeners of end of test 
2017/11/15 00:11:27 INFO  - jmeter.reporters.Summariser: Generate Summary Results =   4421 in   7.4s =  599.9/s Avg:     1 Min:     1 Max:     7 Err:  4421 (100.00%) 
2017/11/15 00:11:27 INFO  - jmeter.gui.util.JMeterMenuBar: setRunning(false,*local*) 
2017/11/15 00:12:05 INFO  - jmeter.engine.StandardJMeterEngine: Running the test! 
2017/11/15 00:12:05 INFO  - jmeter.gui.util.JMeterMenuBar: setRunning(true,*local*) 
2017/11/15 00:12:05 INFO  - jmeter.engine.StandardJMeterEngine: Starting ThreadGroup: 1 : Thread Group 
2017/11/15 00:12:05 INFO  - jmeter.engine.StandardJMeterEngine: Starting 1 threads for group Thread Group. 
2017/11/15 00:12:05 INFO  - jmeter.engine.StandardJMeterEngine: Thread will continue on error 
2017/11/15 00:12:05 INFO  - jmeter.threads.ThreadGroup: Starting thread group number 1 threads 1 ramp-up 1 perThread 1000.0 delayedStart=false 
2017/11/15 00:12:05 INFO  - jmeter.threads.ThreadGroup: Started thread group number 1 
2017/11/15 00:12:05 INFO  - jmeter.engine.StandardJMeterEngine: All thread groups have been started 
2017/11/15 00:12:05 INFO  - jmeter.threads.JMeterThread: Thread started: Thread Group 1-1 
2017/11/15 00:12:05 INFO  - jmeter.reporters.Summariser: Generate Summary Results +      1 in     0s = ******/s Avg:     0 Min:     0 Max:     0 Err:     1 (100.00%) Active: 1 Started: 1 Finished: 0 
2017/11/15 00:12:47 INFO  - jmeter.gui.action.Start: Stopping test 
2017/11/15 00:12:47 INFO  - jmeter.threads.JMeterThread: Stopping: Thread Group 1-1 
2017/11/15 00:12:47 WARN  - jmeter.util.JMeterUtils: Interrupted in thread Thread Group 1-1 java.lang.InterruptedException
	at java.lang.Object.wait(Native Method)
	at java.lang.Object.wait(Object.java:502)
	at java.awt.EventQueue.invokeAndWait(EventQueue.java:1313)
	at java.awt.EventQueue.invokeAndWait(EventQueue.java:1294)
	at javax.swing.SwingUtilities.invokeAndWait(SwingUtilities.java:1348)
	at org.apache.jmeter.util.JMeterUtils.runSafe(JMeterUtils.java:1292)
	at org.apache.jmeter.visualizers.TableVisualizer.add(TableVisualizer.java:161)
	at org.apache.jmeter.reporters.ResultCollector.sendToVisualizer(ResultCollector.java:518)
	at org.apache.jmeter.reporters.ResultCollector.sampleOccurred(ResultCollector.java:494)
	at org.apache.jmeter.threads.ListenerNotifier.notifyListeners(ListenerNotifier.java:84)
	at org.apache.jmeter.threads.JMeterThread.notifyListeners(JMeterThread.java:774)
	at org.apache.jmeter.threads.JMeterThread.process_sampler(JMeterThread.java:440)
	at org.apache.jmeter.threads.JMeterThread.run(JMeterThread.java:255)
	at java.lang.Thread.run(Thread.java:745)

2017/11/15 00:12:47 INFO  - jmeter.threads.JMeterThread: Thread finished: Thread Group 1-1 
2017/11/15 00:12:47 INFO  - jmeter.engine.StandardJMeterEngine: Notifying test listeners of end of test 
2017/11/15 00:12:47 INFO  - jmeter.reporters.Summariser: Generate Summary Results +  25791 in  41.2s =  626.1/s Avg:     1 Min:     1 Max:    10 Err: 25791 (100.00%) Active: 0 Started: 1 Finished: 1 
2017/11/15 00:12:47 INFO  - jmeter.reporters.Summariser: Generate Summary Results =  25792 in  41.2s =  625.9/s Avg:     1 Min:     0 Max:    10 Err: 25792 (100.00%) 
2017/11/15 00:12:47 INFO  - jmeter.gui.util.JMeterMenuBar: setRunning(false,*local*) 
